<?xml version="1.0" encoding="UTF-8"?>
<!-- Generated by org.testng.reporters.JUnitReportReporter -->
<testsuite hostname="Vertex-PC" name="package_Shipping_Instructions.B_Terms_Transport_Information" tests="2" failures="0" timestamp="14 Feb 2018 11:36:51 GMT" time="79.907" errors="0">
  <testcase name="Terms_Transport_Info" time="67.684" classname="package_Shipping_Instructions.B_Terms_Transport_Information"/>
  <testcase name="Verify_Login" time="12.223" classname="package_Shipping_Instructions.B_Terms_Transport_Information"/>
</testsuite> <!-- package_Shipping_Instructions.B_Terms_Transport_Information -->
