<?xml version="1.0" encoding="UTF-8"?>
<!-- Generated by org.testng.reporters.JUnitReportReporter -->
<testsuite hostname="Vertex-PC" name="package_Shipping_Instructions.D_Destination_Approver" tests="2" failures="0" timestamp="16 Feb 2018 12:17:04 GMT" time="94.870" errors="0">
  <testcase name="Verify_Login" time="30.988" classname="package_Shipping_Instructions.D_Destination_Approver"/>
  <testcase name="Destination_Approver" time="63.882" classname="package_Shipping_Instructions.D_Destination_Approver"/>
</testsuite> <!-- package_Shipping_Instructions.D_Destination_Approver -->
