<?xml version="1.0" encoding="UTF-8"?>
<!-- Generated by org.testng.reporters.JUnitReportReporter -->
<testsuite hostname="Vertex-PC" name="package_Shipping_Instructions.C_Origin_Approver" tests="2" failures="0" timestamp="16 Feb 2018 12:25:16 GMT" time="88.349" errors="0">
  <testcase name="Origin_Approver" time="64.098" classname="package_Shipping_Instructions.C_Origin_Approver"/>
  <testcase name="Verify_Login" time="24.251" classname="package_Shipping_Instructions.C_Origin_Approver"/>
</testsuite> <!-- package_Shipping_Instructions.C_Origin_Approver -->
