<?xml version="1.0" encoding="UTF-8"?>
<!-- Generated by org.testng.reporters.JUnitReportReporter -->
<testsuite hostname="Vertex-PC" name="package_Shipping_Instructions.B_Terms_Trans_Required_Docs" tests="4" failures="0" timestamp="14 Mar 2018 10:59:48 GMT" time="104.754" errors="0">
  <testcase name="Description_of_Goods" time="36.835" classname="package_Shipping_Instructions.B_Terms_Trans_Required_Docs"/>
  <testcase name="Required_Docs" time="14.245" classname="package_Shipping_Instructions.B_Terms_Trans_Required_Docs"/>
  <testcase name="Terms_Transport_Info" time="43.283" classname="package_Shipping_Instructions.B_Terms_Trans_Required_Docs"/>
  <testcase name="Verify_Login" time="10.391" classname="package_Shipping_Instructions.B_Terms_Trans_Required_Docs"/>
</testsuite> <!-- package_Shipping_Instructions.B_Terms_Trans_Required_Docs -->
