<?xml version="1.0" encoding="UTF-8"?>
<!-- Generated by org.testng.reporters.JUnitReportReporter -->
<testsuite hostname="Vertex-PC" name="package_Shipping_Instructions.A_Initial_Request" tests="3" failures="0" timestamp="14 Mar 2018 10:56:42 GMT" time="130.292" errors="0">
  <testcase name="Involved_parties" time="79.158" classname="package_Shipping_Instructions.A_Initial_Request"/>
  <testcase name="Initial_Request" time="39.054" classname="package_Shipping_Instructions.A_Initial_Request"/>
  <testcase name="Verify_Login" time="12.080" classname="package_Shipping_Instructions.A_Initial_Request"/>
</testsuite> <!-- package_Shipping_Instructions.A_Initial_Request -->
