<?xml version="1.0" encoding="UTF-8"?>
<!-- Generated by org.testng.reporters.JUnitReportReporter -->
<testsuite hostname="Vertex-PC" name="package_Shipping_Instructions.A_Initial_Request" tests="3" failures="0" timestamp="16 Feb 2018 08:34:26 GMT" time="181.989" errors="0">
  <testcase name="Involved_parties" time="122.800" classname="package_Shipping_Instructions.A_Initial_Request"/>
  <testcase name="Initial_Request" time="41.148" classname="package_Shipping_Instructions.A_Initial_Request"/>
  <testcase name="Verify_Login" time="18.041" classname="package_Shipping_Instructions.A_Initial_Request"/>
</testsuite> <!-- package_Shipping_Instructions.A_Initial_Request -->
